<?xml version="1.0" encoding="UTF-8"?>
<testsuite xmlns:xsi="http://www.w3.org/2001/XMLSchema-instance" xsi:noNamespaceSchemaLocation="https://maven.apache.org/surefire/maven-surefire-plugin/xsd/surefire-test-report.xsd" version="3.0.2" name="com.facilitymanager.KiemThuUngDungQuanLy" time="25.127" tests="1" errors="0" skipped="0" failures="0" flakes="0">
  <properties>
[...]
</properties>
  <testcase name="contextLoads" classname="com.facilitymanager.KiemThuUngDungQuanLy" time="0.841">
    <system-out><![CDATA[23:46:28.398 [main] INFO org.springframework.test.context.support.AnnotationConfigContextLoaderUtils -- Could not detect default configuration classes for test class [com.facilitymanager.KiemThuUngDungQuanLy]: KiemThuUngDungQuanLy does not declare any static, non-private, non-final, nested classes annotated with @Configuration.
23:46:28.642 [main] INFO org.springframework.boot.test.context.SpringBootTestContextBootstrapper -- Found @SpringBootConfiguration com.facilitymanager.UngDungQuanLyCoSoVatChat for test class com.facilitymanager.KiemThuUngDungQuanLy
23:46:28.792 [main] INFO org.springframework.test.context.support.AnnotationConfigContextLoaderUtils -- Could not detect default configuration classes for test class [com.facilitymanager.KiemThuUngDungQuanLy]: KiemThuUngDungQuanLy does not declare any static, non-private, non-final, nested classes annotated with @Configuration.
23:46:28.794 [main] INFO org.springframework.boot.test.context.SpringBootTestContextBootstrapper -- Found @SpringBootConfiguration com.facilitymanager.UngDungQuanLyCoSoVatChat for test class com.facilitymanager.KiemThuUngDungQuanLy

  .   ____          _            __ _ _
 /\\ / ___'_ __ _ _(_)_ __  __ _ \ \ \ \
( ( )\___ | '_ | '_| | '_ \/ _` | \ \ \ \
 \\/  ___)| |_)| | | | | || (_| |  ) ) ) )
  '  |____| .__|_| |_|_| |_\__, | / / / /
 =========|_|==============|___/=/_/_/_/

 :: Spring Boot ::                (v4.0.6)

2026-05-14T23:46:29.716+07:00  INFO 28348 --- [facility-manager-backend] [           main] c.facilitymanager.KiemThuUngDungQuanLy   : Starting KiemThuUngDungQuanLy using Java 21.0.11 with PID 28348 (started by Tien Hop in C:\Users\Tien Hop\Desktop\Facility_manager_project\backend)
2026-05-14T23:46:29.722+07:00 DEBUG 28348 --- [facility-manager-backend] [           main] c.facilitymanager.KiemThuUngDungQuanLy   : Running with Spring Boot v4.0.6, Spring v7.0.7
2026-05-14T23:46:29.724+07:00  INFO 28348 --- [facility-manager-backend] [           main] c.facilitymanager.KiemThuUngDungQuanLy   : The following 1 profile is active: "test"
2026-05-14T23:46:32.976+07:00  INFO 28348 --- [facility-manager-backend] [           main] .s.d.r.c.RepositoryConfigurationDelegate : Multiple Spring Data modules found, entering strict repository configuration mode
2026-05-14T23:46:32.984+07:00  INFO 28348 --- [facility-manager-backend] [           main] .s.d.r.c.RepositoryConfigurationDelegate : Bootstrapping Spring Data JPA repositories in DEFAULT mode.
2026-05-14T23:46:33.594+07:00  INFO 28348 --- [facility-manager-backend] [           main] .s.d.r.c.RepositoryConfigurationDelegate : Finished Spring Data repository scanning in 488 ms. Found 6 JPA repository interfaces.
2026-05-14T23:46:33.721+07:00  INFO 28348 --- [facility-manager-backend] [           main] .s.d.r.c.RepositoryConfigurationDelegate : Multiple Spring Data modules found, entering strict repository configuration mode
2026-05-14T23:46:33.723+07:00  INFO 28348 --- [facility-manager-backend] [           main] .s.d.r.c.RepositoryConfigurationDelegate : Bootstrapping Spring Data Redis repositories in DEFAULT mode.
2026-05-14T23:46:33.758+07:00  INFO 28348 --- [facility-manager-backend] [           main] .RepositoryConfigurationExtensionSupport : Spring Data Redis - Could not safely identify store assignment for repository candidate interface com.facilitymanager.repository.DanhMucRepository; If you want this repository to be a Redis repository, consider annotating your entities with one of these annotations: org.springframework.data.redis.core.RedisHash (preferred), or consider extending one of the following types with your repository: org.springframework.data.keyvalue.repository.KeyValueRepository
2026-05-14T23:46:33.759+07:00  INFO 28348 --- [facility-manager-backend] [           main] .RepositoryConfigurationExtensionSupport : Spring Data Redis - Could not safely identify store assignment for repository candidate interface com.facilitymanager.repository.PhongHocRepository; If you want this repository to be a Redis repository, consider annotating your entities with one of these annotations: org.springframework.data.redis.core.RedisHash (preferred), or consider extending one of the following types with your repository: org.springframework.data.keyvalue.repository.KeyValueRepository
2026-05-14T23:46:33.759+07:00  INFO 28348 --- [facility-manager-backend] [           main] .RepositoryConfigurationExtensionSupport : Spring Data Redis - Could not safely identify store assignment for repository candidate interface com.facilitymanager.repository.QuyenMenuUngDungRepository; If you want this repository to be a Redis repository, consider annotating your entities with one of these annotations: org.springframework.data.redis.core.RedisHash (preferred), or consider extending one of the following types with your repository: org.springframework.data.keyvalue.repository.KeyValueRepository
2026-05-14T23:46:33.760+07:00  INFO 28348 --- [facility-manager-backend] [           main] .RepositoryConfigurationExtensionSupport : Spring Data Redis - Could not safely identify store assignment for repository candidate interface com.facilitymanager.repository.TaiKhoanRepository; If you want this repository to be a Redis repository, consider annotating your entities with one of these annotations: org.springframework.data.redis.core.RedisHash (preferred), or consider extending one of the following types with your repository: org.springframework.data.keyvalue.repository.KeyValueRepository
2026-05-14T23:46:33.760+07:00  INFO 28348 --- [facility-manager-backend] [           main] .RepositoryConfigurationExtensionSupport : Spring Data Redis - Could not safely identify store assignment for repository candidate interface com.facilitymanager.repository.TaiSanRepository; If you want this repository to be a Redis repository, consider annotating your entities with one of these annotations: org.springframework.data.redis.core.RedisHash (preferred), or consider extending one of the following types with your repository: org.springframework.data.keyvalue.repository.KeyValueRepository
2026-05-14T23:46:33.761+07:00  INFO 28348 --- [facility-manager-backend] [           main] .RepositoryConfigurationExtensionSupport : Spring Data Redis - Could not safely identify store assignment for repository candidate interface com.facilitymanager.repository.VaiTroUngDungRepository; If you want this repository to be a Redis repository, consider annotating your entities with one of these annotations: org.springframework.data.redis.core.RedisHash (preferred), or consider extending one of the following types with your repository: org.springframework.data.keyvalue.repository.KeyValueRepository
2026-05-14T23:46:33.761+07:00  INFO 28348 --- [facility-manager-backend] [           main] .s.d.r.c.RepositoryConfigurationDelegate : Finished Spring Data repository scanning in 15 ms. Found 0 Redis repository interfaces.
2026-05-14T23:46:35.673+07:00  INFO 28348 --- [facility-manager-backend] [           main] org.hibernate.orm.jpa                    : HHH008540: Processing PersistenceUnitInfo [name: default]
2026-05-14T23:46:36.000+07:00  INFO 28348 --- [facility-manager-backend] [           main] org.hibernate.orm.core                   : HHH000001: Hibernate ORM core version 7.2.12.Final
2026-05-14T23:46:38.212+07:00  INFO 28348 --- [facility-manager-backend] [           main] o.s.o.j.p.SpringPersistenceUnitInfo      : No LoadTimeWeaver setup: ignoring JPA class transformer
2026-05-14T23:46:38.278+07:00  INFO 28348 --- [facility-manager-backend] [           main] com.zaxxer.hikari.HikariDataSource       : HikariPool-1 - Starting...
2026-05-14T23:46:38.910+07:00  INFO 28348 --- [facility-manager-backend] [           main] com.zaxxer.hikari.pool.HikariPool        : HikariPool-1 - Added connection conn0: url=jdbc:h2:mem:testdb user=SA
2026-05-14T23:46:38.915+07:00  INFO 28348 --- [facility-manager-backend] [           main] com.zaxxer.hikari.HikariDataSource       : HikariPool-1 - Start completed.
2026-05-14T23:46:39.017+07:00  WARN 28348 --- [facility-manager-backend] [           main] org.hibernate.orm.deprecation            : HHH90000025: H2Dialect does not need to be specified explicitly using 'hibernate.dialect' (remove the property setting and it will be selected by default)
2026-05-14T23:46:39.113+07:00  INFO 28348 --- [facility-manager-backend] [           main] org.hibernate.orm.connections.pooling    : HHH10001005: Database info:
	Database JDBC URL [jdbc:h2:mem:testdb]
	Database driver: H2 JDBC Driver
	Database dialect: H2Dialect
	Database version: 2.4.240
	Default catalog/schema: testdb/public
	Autocommit mode: undefined/unknown
	Isolation level: READ_COMMITTED [default READ_COMMITTED]
	JDBC fetch size: 100
	Pool: DataSourceConnectionProvider
	Minimum pool size: undefined/unknown
	Maximum pool size: undefined/unknown
2026-05-14T23:46:42.381+07:00  INFO 28348 --- [facility-manager-backend] [           main] org.hibernate.orm.core                   : HHH000489: No JTA platform available (set 'hibernate.transaction.jta.platform' to enable JTA platform integration)
2026-05-14T23:46:42.505+07:00  INFO 28348 --- [facility-manager-backend] [           main] j.LocalContainerEntityManagerFactoryBean : Initialized JPA EntityManagerFactory for persistence unit 'default'
2026-05-14T23:46:42.740+07:00  INFO 28348 --- [facility-manager-backend] [           main] o.s.d.j.r.query.QueryEnhancerFactories   : Hibernate is in classpath; If applicable, HQL parser will be used.
2026-05-14T23:46:49.056+07:00  WARN 28348 --- [facility-manager-backend] [           main] .s.a.UserDetailsServiceAutoConfiguration : 

Using generated security password: 973f9280-ba98-4f02-97bc-256091670b30

This generated password is for development use only. Your security configuration must be updated before running your application in production.

2026-05-14T23:46:49.086+07:00  INFO 28348 --- [facility-manager-backend] [           main] r$InitializeUserDetailsManagerConfigurer : Global AuthenticationManager configured with UserDetailsService bean with name inMemoryUserDetailsManager
2026-05-14T23:46:49.894+07:00  INFO 28348 --- [facility-manager-backend] [           main] o.s.v.b.OptionalValidatorFactoryBean     : Failed to set up a Bean Validation provider: jakarta.validation.NoProviderFoundException: Unable to create a Configuration, because no Jakarta Validation provider could be found. Add a provider like Hibernate Validator (RI) to your classpath.
2026-05-14T23:46:51.422+07:00  INFO 28348 --- [facility-manager-backend] [           main] c.facilitymanager.KiemThuUngDungQuanLy   : Started KiemThuUngDungQuanLy in 22.498 seconds (process running for 24.979)
]]></system-out>
    <system-err><![CDATA[Mockito is currently self-attaching to enable the inline-mock-maker. This will no longer work in future releases of the JDK. Please add Mockito as an agent to your build as described in Mockito's documentation: https://javadoc.io/doc/org.mockito/mockito-core/latest/org.mockito/org/mockito/Mockito.html#0.3
WARNING: A Java agent has been loaded dynamically (C:\Users\Tien Hop\.m2\repository\net\bytebuddy\byte-buddy-agent\1.17.8\byte-buddy-agent-1.17.8.jar)
WARNING: If a serviceability tool is in use, please run with -XX:+EnableDynamicAgentLoading to hide this warning
WARNING: If a serviceability tool is not in use, please run with -Djdk.instrument.traceUsage for more information
WARNING: Dynamic loading of agents will be disallowed by default in a future release
]]></system-err>
  </testcase>
</testsuite>